<?xml version="1.0" encoding="UTF-8"?>
<!DOCTYPE mapper
PUBLIC "-//mybatis.org//DTD Mapper 3.0//EN"
"http://mybatis.org/dtd/mybatis-3-mapper.dtd">

<mapper namespace="com.myp.mapper.TestMapper">
	
	
	 <select id="selectTest" resultType="com.myp.domain.TestVO">
		select 
		   bno, title, content, writer, regdate, viewcnt 
		 from 
		   tbl_board 
	 </select>
</mapper>